<?xml version="1.0" encoding="UTF-8"?>
<!-- Generated by org.testng.reporters.JUnitXMLReporter -->
<testsuite ignored="0" hostname="LAPTOP-T7R4LHDT" failures="1" tests="1" name="TestHomeAndCategory" time="15.645" errors="0" timestamp="2023-05-04T02:11:03 COT">
  <testcase classname="co.com.exito.testng.qs.ExitoTestQS" name="@AfterClass afterClass" time="0.001">
    <failure type="java.lang.NullPointerException" message="Cannot invoke &amp;quot;org.openqa.selenium.WebDriver.close()&amp;quot; because &amp;quot;this.driver&amp;quot; is null">
      <![CDATA[java.lang.NullPointerException: Cannot invoke "org.openqa.selenium.WebDriver.close()" because "this.driver" is null
at co.com.exito.testng.qs.ExitoTestQS.afterClass(ExitoTestQS.java:47)
at java.base/java.util.ArrayList.forEach(ArrayList.java:1511)
... Removed 23 stack frames]]>
    </failure>
  </testcase> <!-- @AfterClass afterClass -->
  <testcase classname="co.com.exito.testng.qs.ExitoTestQS" name="marketCategoryTest" time="0.014">
    <failure type="java.lang.NullPointerException" message="Cannot invoke &amp;quot;exitoauth.ExitoHomePage.selectMarketCategory()&amp;quot; because &amp;quot;this.exitoHomePage&amp;quot; is null">
      <![CDATA[java.lang.NullPointerException: Cannot invoke "exitoauth.ExitoHomePage.selectMarketCategory()" because "this.exitoHomePage" is null
at co.com.exito.testng.qs.ExitoTestQS.marketCategoryTest(ExitoTestQS.java:39)
at java.base/java.util.ArrayList.forEach(ArrayList.java:1511)
... Removed 25 stack frames]]>
    </failure>
  </testcase> <!-- marketCategoryTest -->
</testsuite> <!-- TestHomeAndCategory -->
